[2022-07-18 10:00:38][INFO ](Watcher.java:start:94) - [PRG_START]
[2022-07-18 10:00:38][INFO ](Watcher.java:printVersion:40) - [PRG_VER]null
[2022-07-18 10:00:39][DEBUG](ThreadSafeClientConnManager.java:getConnection:235) - Get connection: {}->http://api.kr.dev.kollus.com, timeout = 0
[2022-07-18 10:00:39][DEBUG](ThreadSafeClientConnManager.java:releaseConnection:280) - Released connection is reusable.
[2022-07-18 10:00:39][INFO ](Config.java:printUrls:234) - URLS [watcher.list.insert] http://api.kr.dev.kollus.com/0/catenoid/watcher_file/register
[2022-07-18 10:00:39][INFO ](Config.java:printUrls:234) - URLS [watcher.list.complete] http://api.kr.dev.kollus.com/0/catenoid/watcher_file/complete
[2022-07-18 10:00:39][INFO ](Config.java:printUrls:234) - URLS [watcher.list.delete] http://api.kr.dev.kollus.com/0/catenoid/watcher_file/remove
[2022-07-18 10:00:39][INFO ](Config.java:printUrls:234) - URLS [watcher.usage_day_amount.insert] http://api.kr.dev.kollus.com/0/catenoid/usage_day_amount/register
[2022-07-18 10:00:39][INFO ](Config.java:printUrls:234) - URLS [module.error_report] http://mc-dev.kollus.com/report/error
[2022-07-18 10:00:39][INFO ](Config.java:printUrls:234) - URLS [transcoding_job.assign] http://jobmanager-dev-kr.kollus.com:8180/assign
[2022-07-18 10:00:39][INFO ](Config.java:printUrls:234) - URLS [transcoding_job.manager] http://api.kr.dev.kollus.com/0/catenoid/transcoding_job/manager
[2022-07-18 10:00:39][INFO ](Config.java:printUrls:234) - URLS [transcoding_file.register] http://api.kr.dev.kollus.com/0/catenoid/transcoding_file/register
[2022-07-18 10:00:39][INFO ](Config.java:printUrls:234) - URLS [transcoding_file.update] http://api.kr.dev.kollus.com/0/catenoid/transcoding_file/update
[2022-07-18 10:00:39][INFO ](Config.java:printUrls:234) - URLS [transcoding_file.complete] http://api.kr.dev.kollus.com/0/catenoid/transcoding_file/complete
[2022-07-18 10:00:39][INFO ](Config.java:printUrls:234) - URLS [transcoding_file.complete_all] http://api.kr.dev.kollus.com/0/catenoid/transcoding_file/complete_all
[2022-07-18 10:00:39][INFO ](Config.java:printUrls:234) - URLS [module.check_activated_at] http://api.kr.dev.kollus.com/0/catenoid/module/check_activated_at
[2022-07-18 10:00:39][INFO ](Config.java:printUrls:234) - URLS [module.error_report] http://mc-dev.kollus.com/report/error
[2022-07-18 10:00:39][DEBUG](Watcher.java:setupWatcher:233) - [PRG_CONF]job_watcherfile2=0/1 * * * * ?
[2022-07-18 10:05:39][INFO ](Watcher.java:start:94) - [PRG_START]
[2022-07-18 10:05:39][INFO ](Watcher.java:printVersion:40) - [PRG_VER]null
[2022-07-18 10:05:39][DEBUG](ThreadSafeClientConnManager.java:getConnection:235) - Get connection: {}->http://api.kr.dev.kollus.com, timeout = 0
[2022-07-18 10:05:39][DEBUG](ThreadSafeClientConnManager.java:releaseConnection:280) - Released connection is reusable.
[2022-07-18 10:05:39][INFO ](Config.java:printUrls:234) - URLS [watcher.list.insert] http://api.kr.dev.kollus.com/0/catenoid/watcher_file/register
[2022-07-18 10:05:39][INFO ](Config.java:printUrls:234) - URLS [watcher.list.complete] http://api.kr.dev.kollus.com/0/catenoid/watcher_file/complete
[2022-07-18 10:05:39][INFO ](Config.java:printUrls:234) - URLS [watcher.list.delete] http://api.kr.dev.kollus.com/0/catenoid/watcher_file/remove
[2022-07-18 10:05:39][INFO ](Config.java:printUrls:234) - URLS [watcher.usage_day_amount.insert] http://api.kr.dev.kollus.com/0/catenoid/usage_day_amount/register
[2022-07-18 10:05:39][INFO ](Config.java:printUrls:234) - URLS [module.error_report] http://mc-dev.kollus.com/report/error
[2022-07-18 10:05:39][INFO ](Config.java:printUrls:234) - URLS [transcoding_job.assign] http://jobmanager-dev-kr.kollus.com:8180/assign
[2022-07-18 10:05:39][INFO ](Config.java:printUrls:234) - URLS [transcoding_job.manager] http://api.kr.dev.kollus.com/0/catenoid/transcoding_job/manager
[2022-07-18 10:05:39][INFO ](Config.java:printUrls:234) - URLS [transcoding_file.register] http://api.kr.dev.kollus.com/0/catenoid/transcoding_file/register
[2022-07-18 10:05:39][INFO ](Config.java:printUrls:234) - URLS [transcoding_file.update] http://api.kr.dev.kollus.com/0/catenoid/transcoding_file/update
[2022-07-18 10:05:39][INFO ](Config.java:printUrls:234) - URLS [transcoding_file.complete] http://api.kr.dev.kollus.com/0/catenoid/transcoding_file/complete
[2022-07-18 10:05:39][INFO ](Config.java:printUrls:234) - URLS [transcoding_file.complete_all] http://api.kr.dev.kollus.com/0/catenoid/transcoding_file/complete_all
[2022-07-18 10:05:39][INFO ](Config.java:printUrls:234) - URLS [module.check_activated_at] http://api.kr.dev.kollus.com/0/catenoid/module/check_activated_at
[2022-07-18 10:05:39][INFO ](Config.java:printUrls:234) - URLS [module.error_report] http://mc-dev.kollus.com/report/error
[2022-07-18 10:05:39][DEBUG](Watcher.java:setupWatcher:233) - [PRG_CONF]job_watcherfile2=0/1 * * * * ?
[2022-07-18 10:08:12][INFO ](Watcher.java:start:94) - [PRG_START]
[2022-07-18 10:08:12][INFO ](Watcher.java:printVersion:40) - [PRG_VER]null
[2022-07-18 10:08:13][DEBUG](ThreadSafeClientConnManager.java:getConnection:235) - Get connection: {}->http://api.kr.dev.kollus.com, timeout = 0
[2022-07-18 10:08:13][DEBUG](ThreadSafeClientConnManager.java:releaseConnection:280) - Released connection is reusable.
[2022-07-18 10:08:13][INFO ](Config.java:printUrls:234) - URLS [watcher.list.insert] http://api.kr.dev.kollus.com/0/catenoid/watcher_file/register
[2022-07-18 10:08:13][INFO ](Config.java:printUrls:234) - URLS [watcher.list.complete] http://api.kr.dev.kollus.com/0/catenoid/watcher_file/complete
[2022-07-18 10:08:13][INFO ](Config.java:printUrls:234) - URLS [watcher.list.delete] http://api.kr.dev.kollus.com/0/catenoid/watcher_file/remove
[2022-07-18 10:08:13][INFO ](Config.java:printUrls:234) - URLS [watcher.usage_day_amount.insert] http://api.kr.dev.kollus.com/0/catenoid/usage_day_amount/register
[2022-07-18 10:08:13][INFO ](Config.java:printUrls:234) - URLS [module.error_report] http://mc-dev.kollus.com/report/error
[2022-07-18 10:08:13][INFO ](Config.java:printUrls:234) - URLS [transcoding_job.assign] http://jobmanager-dev-kr.kollus.com:8180/assign
[2022-07-18 10:08:13][INFO ](Config.java:printUrls:234) - URLS [transcoding_job.manager] http://api.kr.dev.kollus.com/0/catenoid/transcoding_job/manager
[2022-07-18 10:08:13][INFO ](Config.java:printUrls:234) - URLS [transcoding_file.register] http://api.kr.dev.kollus.com/0/catenoid/transcoding_file/register
[2022-07-18 10:08:13][INFO ](Config.java:printUrls:234) - URLS [transcoding_file.update] http://api.kr.dev.kollus.com/0/catenoid/transcoding_file/update
[2022-07-18 10:08:13][INFO ](Config.java:printUrls:234) - URLS [transcoding_file.complete] http://api.kr.dev.kollus.com/0/catenoid/transcoding_file/complete
[2022-07-18 10:08:13][INFO ](Config.java:printUrls:234) - URLS [transcoding_file.complete_all] http://api.kr.dev.kollus.com/0/catenoid/transcoding_file/complete_all
[2022-07-18 10:08:13][INFO ](Config.java:printUrls:234) - URLS [module.check_activated_at] http://api.kr.dev.kollus.com/0/catenoid/module/check_activated_at
[2022-07-18 10:08:13][INFO ](Config.java:printUrls:234) - URLS [module.error_report] http://mc-dev.kollus.com/report/error
[2022-07-18 10:08:13][DEBUG](Watcher.java:setupWatcher:233) - [PRG_CONF]job_watcherfile1=0/10 * * * * ?
[2022-07-18 10:08:23][DEBUG](LinuxLineParser.java:parser:101) - /home/kollus/upload, /home/kollus/upload/jungin-kim/_None/sample.webm, 1658106473000, 1148996
[2022-07-18 10:08:23][INFO ](FtpUploadServiceImp.java:newFileItems:240) - Ls Parsing New File Items STEP
[2022-07-18 10:08:35][INFO ](MediaInfo.java:Open:67) - MediaInfo Open Path  :  /home/kollus/upload/jungin-kim/_None/sample.webm
[2022-07-18 10:08:35][INFO ](CommonUtils.java:checkIsMediaContent:573) - physicalPath : /home/kollus/upload/jungin-kim/_None/sample.webm
[2022-07-18 10:09:09][DEBUG](FtpUploadDao.java:sendWatchFiles:251) - sql result = rs5: org.h2.result.LocalResult@59808e97 columns: 19 rows: 1 pos: 0
[2022-07-18 10:09:09][DEBUG](CommonUtils.java:fromResultSet:400) - /home/kollus/upload/jungin-kim/_None/sample.webm
[2022-07-18 10:09:09][INFO ](CommonUtils.java:pathToTRmpk:733) - [ pathToTRmpk 1/3 ] sample.webm
[2022-07-18 10:09:09][INFO ](CommonUtils.java:pathToTRmpk:737) - [ pathToTRmpk 2/3 ] sample
[2022-07-18 10:09:09][DEBUG](CommonUtils.java:fromResultSet:437) - fromResultSet Add TransCoder : null
[2022-07-18 10:09:09][DEBUG](CommonUtils.java:fromResultSet:438) - fromResultSet Path : /jungin-kim/_None/sample.webm
[2022-07-18 10:09:09][DEBUG](CommonUtils.java:fromResultSet:439) - fromResultSet item : {"kind":1,"is_audio_file":0,"checksum_type":0,"use_encryption":0,"category":"None","physical_path":"/home/kollus/upload/jungin-kim/_None/sample.webm","upload_path":"/jungin-kim/_None/sample.webm","filesize":1148996,"filesize_str":"1.1 MB","lastmodified":0,"lastmodified_str":"1970-01-01T09:00:00.000+0900","content_provider_key":"jungin-kim","key":"","content_path":"","snapshot_path":"","title":"sample","md5":"","format":"Unknown","duration":0.0,"passthrough_ahead":0,"channel_keys":""}
[2022-07-18 10:09:09][DEBUG](FtpUploadDao.java:sendWatchFiles:280) - file register 보내는값 = [{"kind":1,"is_audio_file":0,"checksum_type":0,"use_encryption":0,"category":"None","physical_path":"/home/kollus/upload/jungin-kim/_None/sample.webm","upload_path":"/jungin-kim/_None/sample.webm","filesize":1148996,"filesize_str":"1.1 MB","lastmodified":0,"lastmodified_str":"1970-01-01T09:00:00.000+0900","content_provider_key":"jungin-kim","key":"","content_path":"","snapshot_path":"","title":"sample","md5":"","format":"Unknown","duration":0.0,"passthrough_ahead":0,"channel_keys":""}]
[2022-07-18 10:09:10][DEBUG](CommonUtils.java:getHttpResponse:175) - Post Requests Transfer Content : watcher_files=[{"kind":1,"module_key":"watcherfile1","is_audio_file":0,"checksum_type":0,"use_encryption":0,"category":"None","physical_path":"/home/kollus/upload/jungin-kim/_None/sample.webm","upload_path":"/jungin-kim/_None/sample.webm","filesize":1148996,"filesize_str":"1.1 MB","lastmodified":0,"lastmodified_str":"1970-01-01T09:00:00.000+0900","content_provider_key":"jungin-kim","key":"","content_path":"","snapshot_path":"","title":"sample","md5":"","format":"Unknown","duration":0.0,"passthrough_ahead":0,"channel_keys":""}]
[2022-07-18 10:09:10][DEBUG](CommonUtils.java:sendPostToApi:96) - Post Response Transfer Content [register] : {"error":0,"message":"","watcher_file":{"error":0,"message":"","result":{"error_code":0,"error_detail":"","content_provider_key":"","key":"","media_content_id":0,"content_path":"","upload_path":"","is_audio_file":0,"checksum_type":0,"snapshot_path":"","physical_path":"","delete_watcher_file_upload_url":"","poster":{"second":0}}},"result":{"error_code":0,"error_detail":"","watcher_files":[{"error":0,"message":"ok","result":{"error_code":0,"error_detail":"","content_provider_key":"jungin-kim","key":"DSFDS123SDFDS","media_content_id":0,"content_path":"/jungin-kim","upload_path":"/jungin-kim/_None/sample.webm","is_audio_file":0,"checksum_type":0,"snapshot_path":"","physical_path":"/home/kollus/upload/jungin-kim/_None/sample.webm","delete_watcher_file_upload_url":"","poster":{"second":0}}}]}}

[2022-07-18 10:09:12][DEBUG](CommonUtils.java:convertResultApiItem:265) - register 반환값 (fileItem) = {"error":0,"message":"ok","result":{"error_code":0,"error_detail":"","content_provider_key":"jungin-kim","key":"DSFDS123SDFDS","media_content_id":0,"content_path":"/jungin-kim","upload_path":"/jungin-kim/_None/sample.webm","is_audio_file":0,"checksum_type":0,"snapshot_path":"","physical_path":"/home/kollus/upload/jungin-kim/_None/sample.webm","poster":{"second":0,"width":0,"height":0}}}
[2022-07-18 10:09:22][INFO ](FtpUploadDao.java:sendWatchFiles:289) - HTTP Register Server Send STEP
[2022-07-18 10:09:23][DEBUG](FtpUploadDao.java:sendWatchFiles:298) - 등록성공: DSFDS123SDFDS, {"kind":1,"module_key":"watcherfile1","is_audio_file":0,"checksum_type":0,"use_encryption":0,"category":"None","physical_path":"/home/kollus/upload/jungin-kim/_None/sample.webm","upload_path":"/jungin-kim/_None/sample.webm","filesize":1148996,"filesize_str":"1.1 MB","lastmodified":0,"lastmodified_str":"1970-01-01T09:00:00.000+0900","content_provider_key":"jungin-kim","key":"DSFDS123SDFDS","content_path":"/jungin-kim","snapshot_path":"","title":"sample","md5":"","format":"Unknown","duration":0.0,"passthrough_ahead":0,"channel_keys":""}
[2022-07-18 10:09:24][INFO ](FtpUploadDao.java:sendWatchFiles:301) - HTTP Register Server Send STEP
[2022-07-18 10:09:24][INFO ](FtpUploadDao.java:sendWatchFiles:332) - postWatcherFileRegister End : watcherfile1
[2022-07-18 10:09:25][INFO ](FtpUploadServiceImp.java:findWorkFileList:116) - Send to register count : 1
[2022-07-18 10:09:39][DEBUG](LinuxLineParser.java:parser:101) - /home/kollus/upload, /home/kollus/upload/jungin-kim/_None/sample.webm, 1658106473000, 1148996
[2022-07-18 10:09:39][INFO ](FtpUploadServiceImp.java:newFileItems:240) - Ls Parsing New File Items STEP
[2022-07-18 10:09:39][INFO ](MediaInfo.java:Open:67) - MediaInfo Open Path  :  /home/kollus/upload/jungin-kim/_None/sample.webm
[2022-07-18 10:09:39][INFO ](CommonUtils.java:checkIsMediaContent:573) - physicalPath : /home/kollus/upload/jungin-kim/_None/sample.webm
[2022-07-18 10:09:41][DEBUG](CommonUtils.java:fromResultSet:400) - /home/kollus/upload/jungin-kim/_None/sample.webm
[2022-07-18 10:09:41][INFO ](CommonUtils.java:pathToTRmpk:733) - [ pathToTRmpk 1/3 ] sample.webm
[2022-07-18 10:09:41][INFO ](CommonUtils.java:pathToTRmpk:737) - [ pathToTRmpk 2/3 ] sample
[2022-07-18 10:09:41][DEBUG](CommonUtils.java:fromResultSet:437) - fromResultSet Add TransCoder : null
[2022-07-18 10:09:41][DEBUG](CommonUtils.java:fromResultSet:438) - fromResultSet Path : /jungin-kim/_None/sample.webm
[2022-07-18 10:09:41][DEBUG](CommonUtils.java:fromResultSet:439) - fromResultSet item : {"kind":1,"is_audio_file":0,"checksum_type":0,"use_encryption":0,"category":"None","physical_path":"/home/kollus/upload/jungin-kim/_None/sample.webm","upload_path":"/jungin-kim/_None/sample.webm","filesize":1148996,"filesize_str":"1.1 MB","lastmodified":0,"lastmodified_str":"1970-01-01T09:00:00.000+0900","content_provider_key":"jungin-kim","key":"DSFDS123SDFDS","content_path":"/jungin-kim","snapshot_path":"","title":"sample","md5":"","format":"Unknown","duration":0.0,"passthrough_ahead":0,"channel_keys":""}
[2022-07-18 10:09:41][INFO ](MediaInfo.java:Open:67) - MediaInfo Open Path  :  /home/kollus/upload/jungin-kim/_None/sample.webm
[2022-07-18 10:09:41][INFO ](CommonUtils.java:setMediaInfo:662) - MediaInfo information : null
[2022-07-18 10:09:41][DEBUG](FtpUploadDao.java:selectCompareOver:424) - Select work file: {"kind":1,"is_audio_file":0,"checksum_type":0,"use_encryption":0,"category":"None","physical_path":"/home/kollus/upload/jungin-kim/_None/sample.webm","upload_path":"/jungin-kim/_None/sample.webm","filesize":1148996,"filesize_str":"1.1 MB","lastmodified":1658106473000,"lastmodified_str":"2022-07-18T10:07:53.000+0900","media_information":"%7B%0A++%22format%22%3A+%22Matroska%22%2C%0A++%22video.format%22%3A+%22AVC%22%2C%0A++%22video.width%22%3A+%221280%22%2C%0A++%22video.height%22%3A+%22720%22%2C%0A++%22video.ratio%22%3A+%221.778%22%2C%0A++%22video.rotation%22%3A+%220%22%2C%0A++%22audio.format%22%3A+%22Opus%22%2C%0A++%22audio.sample.rate%22%3A+%2248000%22%0A%7D","content_provider_key":"jungin-kim","key":"DSFDS123SDFDS","content_path":"/jungin-kim","snapshot_path":"","title":"sample","md5":"","format":"Matroska","duration":0.0,"passthrough_ahead":0,"channel_keys":""}
[2022-07-18 10:09:41][DEBUG](FtpUploadDao.java:selectCompareOver:448) - item.path:/home/kollus/upload/jungin-kim/_None/sample.webm, item.md5 is off
[2022-07-18 10:09:42][INFO ](FtpUploadServiceImp.java:findWorkFileList:128) - Working file count : 1
[2022-07-18 10:09:43][INFO ](FtpUploadServiceImp.java:findWorkFileList:132) - Create SnapFile Create STEP
[2022-07-18 10:09:43][INFO ](FtpUploadServiceImp.java:findWorkFileList:139) - Work File Move Directory STEP
[2022-07-18 10:09:48][DEBUG](CommonUtils.java:moveToWorkDir:845) - move from /home/kollus/upload/jungin-kim/_None/sample.webm to /mnt/medianas/working/jungin-kim
[2022-07-18 10:09:52][INFO ](CommonUtils.java:moveToWorkDir:849) - WORK File Info Send Http Server STEP
[2022-07-18 10:09:57][DEBUG](CommonUtils.java:getHttpResponse:175) - Post Requests Transfer Content : watcher_files=[{"kind":1,"is_audio_file":0,"checksum_type":0,"use_encryption":0,"category":"None","physical_path":"/home/kollus/upload/jungin-kim/_None/sample.webm","upload_path":"/jungin-kim/_None/sample.webm","filesize":1148996,"filesize_str":"1.1 MB","lastmodified":1658106473000,"lastmodified_str":"2022-07-18T10:07:53.000+0900","media_information":"%7B%0A++%22format%22%3A+%22Matroska%22%2C%0A++%22video.format%22%3A+%22AVC%22%2C%0A++%22video.width%22%3A+%221280%22%2C%0A++%22video.height%22%3A+%22720%22%2C%0A++%22video.ratio%22%3A+%221.778%22%2C%0A++%22video.rotation%22%3A+%220%22%2C%0A++%22audio.format%22%3A+%22Opus%22%2C%0A++%22audio.sample.rate%22%3A+%2248000%22%0A%7D","content_provider_key":"jungin-kim","key":"DSFDS123SDFDS","content_path":"/jungin-kim","snapshot_path":"","title":"sample","md5":"","format":"Matroska","duration":0.0,"passthrough_ahead":0,"channel_keys":""}]
[2022-07-18 10:09:57][DEBUG](CommonUtils.java:sendPostToApi:96) - Post Response Transfer Content [copy] : {"error":0,"message":"","watcher_file":{"error":0,"message":"","result":{"error_code":0,"error_detail":"","content_provider_key":"","key":"","media_content_id":0,"content_path":"","upload_path":"","is_audio_file":0,"checksum_type":0,"snapshot_path":"","physical_path":"","delete_watcher_file_upload_url":"","poster":{"second":0}}},"result":{"error_code":0,"error_detail":"","watcher_files":[{"error":0,"message":"ok","result":{"error_code":0,"error_detail":"","content_provider_key":"jungin-kim","key":"DSFDS123SDFDS","media_content_id":0,"content_path":"/jungin-kim","upload_path":"/jungin-kim/_None/sample.webm","is_audio_file":0,"checksum_type":0,"snapshot_path":"","physical_path":"/home/kollus/upload/jungin-kim/_None/sample.webm","delete_watcher_file_upload_url":"","poster":{"second":0}}}]}}

[2022-07-18 10:10:02][INFO ](FtpUploadServiceImp.java:postCopyCompleteFiles:318) - WORK File Info Send Http Server STEP
[2022-07-18 10:10:02][INFO ](FtpUploadServiceImp.java:postCopyCompleteFiles:347) - complete 성공 갯수(1) : /home/kollus/upload/jungin-kim/_None/sample.webm
[2022-07-18 10:10:04][INFO ](FtpUploadServiceImp.java:postCopyCompleteFiles:351) - WORK File Info Send Http Server STEP
[2022-07-18 13:52:13][INFO ](Watcher.java:start:94) - [PRG_START]
[2022-07-18 13:52:13][INFO ](Watcher.java:printVersion:40) - [PRG_VER]null
[2022-07-18 13:52:14][DEBUG](ThreadSafeClientConnManager.java:getConnection:235) - Get connection: {}->http://api.kr.dev.kollus.com, timeout = 0
[2022-07-18 13:52:14][DEBUG](ThreadSafeClientConnManager.java:releaseConnection:280) - Released connection is reusable.
[2022-07-18 13:52:14][INFO ](Config.java:printUrls:234) - URLS [watcher.list.insert] http://api.kr.dev.kollus.com/0/catenoid/watcher_file/register
[2022-07-18 13:52:14][INFO ](Config.java:printUrls:234) - URLS [watcher.list.complete] http://api.kr.dev.kollus.com/0/catenoid/watcher_file/complete
[2022-07-18 13:52:14][INFO ](Config.java:printUrls:234) - URLS [watcher.list.delete] http://api.kr.dev.kollus.com/0/catenoid/watcher_file/remove
[2022-07-18 13:52:14][INFO ](Config.java:printUrls:234) - URLS [watcher.usage_day_amount.insert] http://api.kr.dev.kollus.com/0/catenoid/usage_day_amount/register
[2022-07-18 13:52:14][INFO ](Config.java:printUrls:234) - URLS [module.error_report] http://mc-dev.kollus.com/report/error
[2022-07-18 13:52:14][INFO ](Config.java:printUrls:234) - URLS [transcoding_job.assign] http://jobmanager-dev-kr.kollus.com:8180/assign
[2022-07-18 13:52:14][INFO ](Config.java:printUrls:234) - URLS [transcoding_job.manager] http://api.kr.dev.kollus.com/0/catenoid/transcoding_job/manager
[2022-07-18 13:52:14][INFO ](Config.java:printUrls:234) - URLS [transcoding_file.register] http://api.kr.dev.kollus.com/0/catenoid/transcoding_file/register
[2022-07-18 13:52:14][INFO ](Config.java:printUrls:234) - URLS [transcoding_file.update] http://api.kr.dev.kollus.com/0/catenoid/transcoding_file/update
[2022-07-18 13:52:14][INFO ](Config.java:printUrls:234) - URLS [transcoding_file.complete] http://api.kr.dev.kollus.com/0/catenoid/transcoding_file/complete
[2022-07-18 13:52:14][INFO ](Config.java:printUrls:234) - URLS [transcoding_file.complete_all] http://api.kr.dev.kollus.com/0/catenoid/transcoding_file/complete_all
[2022-07-18 13:52:14][INFO ](Config.java:printUrls:234) - URLS [module.check_activated_at] http://api.kr.dev.kollus.com/0/catenoid/module/check_activated_at
[2022-07-18 13:52:14][INFO ](Config.java:printUrls:234) - URLS [module.error_report] http://mc-dev.kollus.com/report/error
[2022-07-18 13:52:14][DEBUG](Watcher.java:setupWatcher:233) - [PRG_CONF]job_watcherfile1=0/10 * * * * ?
[2022-07-18 16:03:25][INFO ](Watcher.java:start:94) - [PRG_START]
[2022-07-18 16:03:25][INFO ](Watcher.java:printVersion:40) - [PRG_VER]null
[2022-07-18 16:03:26][DEBUG](ThreadSafeClientConnManager.java:getConnection:235) - Get connection: {}->http://api.kr.dev.kollus.com, timeout = 0
[2022-07-18 16:03:26][DEBUG](ThreadSafeClientConnManager.java:releaseConnection:280) - Released connection is reusable.
[2022-07-18 16:03:26][INFO ](Config.java:printUrls:234) - URLS [watcher.list.insert] http://api.kr.dev.kollus.com/0/catenoid/watcher_file/register
[2022-07-18 16:03:26][INFO ](Config.java:printUrls:234) - URLS [watcher.list.complete] http://api.kr.dev.kollus.com/0/catenoid/watcher_file/complete
[2022-07-18 16:03:26][INFO ](Config.java:printUrls:234) - URLS [watcher.list.delete] http://api.kr.dev.kollus.com/0/catenoid/watcher_file/remove
[2022-07-18 16:03:26][INFO ](Config.java:printUrls:234) - URLS [watcher.usage_day_amount.insert] http://api.kr.dev.kollus.com/0/catenoid/usage_day_amount/register
[2022-07-18 16:03:26][INFO ](Config.java:printUrls:234) - URLS [module.error_report] http://mc-dev.kollus.com/report/error
[2022-07-18 16:03:26][INFO ](Config.java:printUrls:234) - URLS [transcoding_job.assign] http://jobmanager-dev-kr.kollus.com:8180/assign
[2022-07-18 16:03:26][INFO ](Config.java:printUrls:234) - URLS [transcoding_job.manager] http://api.kr.dev.kollus.com/0/catenoid/transcoding_job/manager
[2022-07-18 16:03:26][INFO ](Config.java:printUrls:234) - URLS [transcoding_file.register] http://api.kr.dev.kollus.com/0/catenoid/transcoding_file/register
[2022-07-18 16:03:26][INFO ](Config.java:printUrls:234) - URLS [transcoding_file.update] http://api.kr.dev.kollus.com/0/catenoid/transcoding_file/update
[2022-07-18 16:03:26][INFO ](Config.java:printUrls:234) - URLS [transcoding_file.complete] http://api.kr.dev.kollus.com/0/catenoid/transcoding_file/complete
[2022-07-18 16:03:26][INFO ](Config.java:printUrls:234) - URLS [transcoding_file.complete_all] http://api.kr.dev.kollus.com/0/catenoid/transcoding_file/complete_all
[2022-07-18 16:03:26][INFO ](Config.java:printUrls:234) - URLS [module.check_activated_at] http://api.kr.dev.kollus.com/0/catenoid/module/check_activated_at
[2022-07-18 16:03:26][INFO ](Config.java:printUrls:234) - URLS [module.error_report] http://mc-dev.kollus.com/report/error
[2022-07-18 16:03:26][DEBUG](Watcher.java:setupWatcher:233) - [PRG_CONF]job_watcherfile1=0/10 * * * * ?
[2022-07-18 16:03:31][DEBUG](LinuxLineParser.java:parser:101) - /home/kollus/upload, /home/kollus/upload/jungin-kim/_None/sample.webm, 1658127799000, 1148996
[2022-07-18 16:03:31][INFO ](FtpUploadServiceImp.java:newFileItems:240) - Ls Parsing New File Items STEP
[2022-07-18 16:03:31][INFO ](MediaInfo.java:Open:67) - MediaInfo Open Path  :  /home/kollus/upload/jungin-kim/_None/sample.webm
[2022-07-18 16:03:31][INFO ](CommonUtils.java:checkIsMediaContent:573) - physicalPath : /home/kollus/upload/jungin-kim/_None/sample.webm
[2022-07-18 16:03:33][DEBUG](FtpUploadDao.java:sendWatchFiles:251) - sql result = rs5: org.h2.result.LocalResult@3e82a4e3 columns: 19 rows: 1 pos: 0
[2022-07-18 16:03:33][DEBUG](CommonUtils.java:fromResultSet:400) - /home/kollus/upload/jungin-kim/_None/sample.webm
[2022-07-18 16:03:33][INFO ](CommonUtils.java:pathToTRmpk:733) - [ pathToTRmpk 1/3 ] sample.webm
[2022-07-18 16:03:33][INFO ](CommonUtils.java:pathToTRmpk:737) - [ pathToTRmpk 2/3 ] sample
[2022-07-18 16:03:33][DEBUG](CommonUtils.java:fromResultSet:437) - fromResultSet Add TransCoder : null
[2022-07-18 16:03:33][DEBUG](CommonUtils.java:fromResultSet:438) - fromResultSet Path : /jungin-kim/_None/sample.webm
[2022-07-18 16:03:33][DEBUG](CommonUtils.java:fromResultSet:439) - fromResultSet item : {"kind":1,"is_audio_file":0,"checksum_type":0,"use_encryption":0,"category":"None","physical_path":"/home/kollus/upload/jungin-kim/_None/sample.webm","upload_path":"/jungin-kim/_None/sample.webm","filesize":1148996,"filesize_str":"1.1 MB","lastmodified":0,"lastmodified_str":"1970-01-01T09:00:00.000+0900","content_provider_key":"jungin-kim","key":"","content_path":"","snapshot_path":"","title":"sample","md5":"","format":"Unknown","duration":0.0,"passthrough_ahead":0,"channel_keys":""}
[2022-07-18 16:03:33][DEBUG](FtpUploadDao.java:sendWatchFiles:280) - file register 보내는값 = [{"kind":1,"is_audio_file":0,"checksum_type":0,"use_encryption":0,"category":"None","physical_path":"/home/kollus/upload/jungin-kim/_None/sample.webm","upload_path":"/jungin-kim/_None/sample.webm","filesize":1148996,"filesize_str":"1.1 MB","lastmodified":0,"lastmodified_str":"1970-01-01T09:00:00.000+0900","content_provider_key":"jungin-kim","key":"","content_path":"","snapshot_path":"","title":"sample","md5":"","format":"Unknown","duration":0.0,"passthrough_ahead":0,"channel_keys":""}]
[2022-07-18 16:03:34][DEBUG](CommonUtils.java:getHttpResponse:175) - Post Requests Transfer Content : watcher_files=[{"kind":1,"module_key":"watcherfile1","is_audio_file":0,"checksum_type":0,"use_encryption":0,"category":"None","physical_path":"/home/kollus/upload/jungin-kim/_None/sample.webm","upload_path":"/jungin-kim/_None/sample.webm","filesize":1148996,"filesize_str":"1.1 MB","lastmodified":0,"lastmodified_str":"1970-01-01T09:00:00.000+0900","content_provider_key":"jungin-kim","key":"","content_path":"","snapshot_path":"","title":"sample","md5":"","format":"Unknown","duration":0.0,"passthrough_ahead":0,"channel_keys":""}]
[2022-07-18 16:03:34][DEBUG](CommonUtils.java:sendPostToApi:96) - Post Response Transfer Content [register] : {"error":0,"message":"","watcher_file":{"error":0,"message":"","result":{"error_code":0,"error_detail":"","content_provider_key":"","key":"","media_content_id":0,"content_path":"","upload_path":"","is_audio_file":0,"checksum_type":0,"snapshot_path":"","physical_path":"","delete_watcher_file_upload_url":"","poster":{"second":0}}},"result":{"error_code":0,"error_detail":"","watcher_files":[{"error":0,"message":"ok","result":{"error_code":0,"error_detail":"","content_provider_key":"jungin-kim","key":"DSFDS123SDFDS","media_content_id":0,"content_path":"/jungin-kim","upload_path":"/jungin-kim/_None/sample.webm","is_audio_file":0,"checksum_type":0,"snapshot_path":"","physical_path":"/home/kollus/upload/jungin-kim/_None/sample.webm","delete_watcher_file_upload_url":"","poster":{"second":0}}}]}}

[2022-07-18 16:03:35][DEBUG](CommonUtils.java:convertResultApiItem:265) - register 반환값 (fileItem) = {"error":0,"message":"ok","result":{"error_code":0,"error_detail":"","content_provider_key":"jungin-kim","key":"DSFDS123SDFDS","media_content_id":0,"content_path":"/jungin-kim","upload_path":"/jungin-kim/_None/sample.webm","is_audio_file":0,"checksum_type":0,"snapshot_path":"","physical_path":"/home/kollus/upload/jungin-kim/_None/sample.webm","poster":{"second":0,"width":0,"height":0}}}
[2022-07-18 16:03:42][INFO ](FtpUploadDao.java:sendWatchFiles:289) - HTTP Register Server Send STEP
[2022-07-18 16:03:46][DEBUG](FtpUploadDao.java:sendWatchFiles:298) - 등록성공: DSFDS123SDFDS, {"kind":1,"module_key":"watcherfile1","is_audio_file":0,"checksum_type":0,"use_encryption":0,"category":"None","physical_path":"/home/kollus/upload/jungin-kim/_None/sample.webm","upload_path":"/jungin-kim/_None/sample.webm","filesize":1148996,"filesize_str":"1.1 MB","lastmodified":0,"lastmodified_str":"1970-01-01T09:00:00.000+0900","content_provider_key":"jungin-kim","key":"DSFDS123SDFDS","content_path":"/jungin-kim","snapshot_path":"","title":"sample","md5":"","format":"Unknown","duration":0.0,"passthrough_ahead":0,"channel_keys":""}
[2022-07-18 16:03:49][INFO ](FtpUploadDao.java:sendWatchFiles:301) - /jungin-kim/_None/sample.webm
[2022-07-18 16:14:04][INFO ](FtpUploadDao.java:sendWatchFiles:332) - postWatcherFileRegister End : watcherfile1
[2022-07-18 16:14:04][INFO ](FtpUploadServiceImp.java:findWorkFileList:116) - Send to register count : 1
[2022-07-18 16:14:04][ERROR](LSParser.java:run:159) - java.io.FileNotFoundException: /home/kollus/MediaWatcher2/snap.temp/job_watcherfile1_1658128444079.txt (No such file or directory)
[2022-07-18 16:14:04][ERROR](FtpUploadServiceImp.java:newFileItems:220) - java.lang.NullPointerException
